<?xml version="1.0" encoding="UTF-8"?>
<!-- Generated by org.testng.reporters.JUnitXMLReporter -->
<testsuite ignored="0" hostname="Subrat-Laptop" failures="0" tests="4" name="Default test" time="69.729" errors="0" timestamp="2022-12-15T03:09:44 IST">
  <testcase classname="subratpattanaik.api_demo_test.Exploring_AppSection" name="ActivityDialogTest" time="6.405"/>
  <testcase classname="subratpattanaik.api_demo_test.Exploring_AppSection" name="ActivityFinishAffinityTest" time="8.031"/>
  <testcase classname="subratpattanaik.api_demo_test.Exploring_AppSection" name="ActivityHelloWorldValidation" time="6.224"/>
  <testcase classname="subratpattanaik.api_demo_test.Exploring_AppSection" name="ActivityPresenationTest" time="8.333"/>
</testsuite> <!-- Default test -->
